#
# There is insufficient memory for the Java Runtime Environment to continue.
# Native memory allocation (malloc) failed to allocate 1048576 bytes for AllocateHeap
# Possible reasons:
#   The system is out of physical RAM or swap space
#   In 32 bit mode, the process size limit was hit
# Possible solutions:
#   Reduce memory load on the system
#   Increase physical memory or swap space
#   Check if swap backing store is full
#   Use 64 bit Java on a 64 bit OS
#   Decrease Java heap size (-Xmx/-Xms)
#   Decrease number of Java threads
#   Decrease Java thread stack sizes (-Xss)
#   Set larger code cache with -XX:ReservedCodeCacheSize=
# This output file may be truncated or incomplete.
#
#  Out of Memory Error (memory/allocation.inline.hpp:61), pid=45904, tid=58052
#
# JRE version:  (8.0_91-b15) (build )
# Java VM: Java HotSpot(TM) 64-Bit Server VM (25.91-b15 mixed mode windows-amd64 compressed oops)
# Failed to write core dump. Minidumps are not enabled by default on client versions of Windows
#

---------------  T H R E A D  ---------------

Current thread (0x0000000003295000):  JavaThread "Unknown thread" [_thread_in_vm, id=58052, stack(0x0000000002c40000,0x0000000002d40000)]

Stack: [0x0000000002c40000,0x0000000002d40000]
[error occurred during error reporting (printing stack bounds), id 0xc0000005]

Native frames: (J=compiled Java code, j=interpreted, Vv=VM code, C=native code)


---------------  P R O C E S S  ---------------

Java Threads: ( => current thread )

Other Threads:

=>0x0000000003295000 (exited) JavaThread "Unknown thread" [_thread_in_vm, id=58052, stack(0x0000000002c40000,0x0000000002d40000)]

VM state:not at safepoint (normal execution)

VM Mutex/Monitor currently owned by a thread: None

Heap:
 PSYoungGen      total 75776K, used 1300K [0x000000076bb80000, 0x0000000771000000, 0x00000007c0000000)
  eden space 65024K, 2% used [0x000000076bb80000,0x000000076bcc51f8,0x000000076fb00000)
  from space 10752K, 0% used [0x0000000770580000,0x0000000770580000,0x0000000771000000)
  to   space 10752K, 0% used [0x000000076fb00000,0x000000076fb00000,0x0000000770580000)
 ParOldGen       total 173568K, used 0K [0x00000006c3200000, 0x00000006cdb80000, 0x000000076bb80000)
  object space 173568K, 0% used [0x00000006c3200000,0x00000006c3200000,0x00000006cdb80000)
 Metaspace       used 780K, capacity 4480K, committed 4480K, reserved 1056768K
  class space    used 75K, capacity 384K, committed 384K, reserved 1048576K

Card table byte_map: [0x0000000012750000,0x0000000012f40000] byte_map_base: 0x000000000f137000

Marking Bits: (ParMarkBitMap*) 0x0000000062ff2f70
 Begin Bits: [0x0000000013e90000, 0x0000000017dc8000)
 End Bits:   [0x0000000017dc8000, 0x000000001bd00000)

Polling page: 0x0000000000be0000

CodeCache: size=245760Kb used=328Kb max_used=328Kb free=245431Kb
 bounds [0x0000000003390000, 0x0000000003600000, 0x0000000012390000]
 total_blobs=58 nmethods=0 adapters=38
 compilation: enabled

Compilation events (0 events):
No events

GC Heap History (0 events):
No events

Deoptimization events (0 events):
No events

Internal exceptions (0 events):
No events

Events (10 events):
Event: 0.027 loading class java/lang/Short
Event: 0.027 loading class java/lang/Short done
Event: 0.027 loading class java/lang/Integer
Event: 0.027 loading class java/lang/Integer done
Event: 0.027 loading class java/lang/Long
Event: 0.027 loading class java/lang/Long done
Event: 0.027 loading class java/lang/NullPointerException
Event: 0.027 loading class java/lang/NullPointerException done
Event: 0.027 loading class java/lang/ArithmeticException
Event: 0.027 loading class java/lang/ArithmeticException done


Dynamic libraries:
0x00007ff73b360000 - 0x00007ff73b397000 	C:\Program Files\Java\jdk1.8.0_91\bin\java.exe
0x00007ffa05fc0000 - 0x00007ffa061b0000 	C:\WINDOWS\SYSTEM32\ntdll.dll
0x00007ffa04f00000 - 0x00007ffa04fb2000 	C:\WINDOWS\System32\KERNEL32.DLL
0x00007ffa03ba0000 - 0x00007ffa03e44000 	C:\WINDOWS\System32\KERNELBASE.dll
0x00007ffa058b0000 - 0x00007ffa05953000 	C:\WINDOWS\System32\ADVAPI32.dll
0x00007ffa052d0000 - 0x00007ffa0536e000 	C:\WINDOWS\System32\msvcrt.dll
0x00007ffa04310000 - 0x00007ffa043a7000 	C:\WINDOWS\System32\sechost.dll
0x00007ffa05980000 - 0x00007ffa05aa0000 	C:\WINDOWS\System32\RPCRT4.dll
0x00007ffa043b0000 - 0x00007ffa04544000 	C:\WINDOWS\System32\USER32.dll
0x00007ffa03340000 - 0x00007ffa03361000 	C:\WINDOWS\System32\win32u.dll
0x00007ffa05040000 - 0x00007ffa05066000 	C:\WINDOWS\System32\GDI32.dll
0x00007ffa031a0000 - 0x00007ffa03334000 	C:\WINDOWS\System32\gdi32full.dll
0x00007ffa02fb0000 - 0x00007ffa0304e000 	C:\WINDOWS\System32\msvcp_win.dll
0x00007ffa030a0000 - 0x00007ffa0319a000 	C:\WINDOWS\System32\ucrtbase.dll
0x00007ff9eb2d0000 - 0x00007ff9eb554000 	C:\WINDOWS\WinSxS\amd64_microsoft.windows.common-controls_6595b64144ccf1df_6.0.18362.836_none_e6c4b943130f18ed\COMCTL32.dll
0x00007ffa05570000 - 0x00007ffa058a6000 	C:\WINDOWS\System32\combase.dll
0x00007ffa03fa0000 - 0x00007ffa04020000 	C:\WINDOWS\System32\bcryptPrimitives.dll
0x00007ffa05070000 - 0x00007ffa0509e000 	C:\WINDOWS\System32\IMM32.DLL
0x0000000063080000 - 0x0000000063152000 	C:\Program Files\Java\jdk1.8.0_91\jre\bin\msvcr100.dll
0x00000000627e0000 - 0x0000000063073000 	C:\Program Files\Java\jdk1.8.0_91\jre\bin\server\jvm.dll
0x00007ffa052c0000 - 0x00007ffa052c8000 	C:\WINDOWS\System32\PSAPI.DLL
0x00007ff9ec2b0000 - 0x00007ff9ec2b9000 	C:\WINDOWS\SYSTEM32\WSOCK32.dll
0x00007ff9faf10000 - 0x00007ff9faf34000 	C:\WINDOWS\SYSTEM32\WINMM.dll
0x00007ff9fe5c0000 - 0x00007ff9fe5ca000 	C:\WINDOWS\SYSTEM32\VERSION.dll
0x00007ffa05250000 - 0x00007ffa052bf000 	C:\WINDOWS\System32\WS2_32.dll
0x00007ff9faee0000 - 0x00007ff9faf0d000 	C:\WINDOWS\SYSTEM32\WINMMBASE.dll
0x00007ffa03050000 - 0x00007ffa0309a000 	C:\WINDOWS\System32\cfgmgr32.dll
0x00000000627d0000 - 0x00000000627df000 	C:\Program Files\Java\jdk1.8.0_91\jre\bin\verify.dll
0x00000000627a0000 - 0x00000000627c9000 	C:\Program Files\Java\jdk1.8.0_91\jre\bin\java.dll
0x0000000062600000 - 0x0000000062635000 	C:\Program Files\Java\jdk1.8.0_91\jre\bin\jdwp.dll
0x00000000625f0000 - 0x00000000625f8000 	C:\Program Files\Java\jdk1.8.0_91\jre\bin\npt.dll
0x00000000625c0000 - 0x00000000625e3000 	C:\Program Files\Java\jdk1.8.0_91\jre\bin\instrument.dll
0x0000000062780000 - 0x0000000062796000 	C:\Program Files\Java\jdk1.8.0_91\jre\bin\zip.dll

VM Arguments:
jvm_args: -agentlib:jdwp=transport=dt_socket,address=127.0.0.1:64778,suspend=y,server=n -javaagent:C:\Users\dell\.IdeaIC2019.2\system\captureAgent\debugger-agent.jar -Dfile.encoding=UTF-8 
java_command: com.zxs.rxjava.filter.SampleAndThrottleFirstTest
java_class_path (initial): C:\Program Files\Java\jdk1.8.0_91\jre\lib\charsets.jar;C:\Program Files\Java\jdk1.8.0_91\jre\lib\deploy.jar;C:\Program Files\Java\jdk1.8.0_91\jre\lib\ext\access-bridge-64.jar;C:\Program Files\Java\jdk1.8.0_91\jre\lib\ext\cldrdata.jar;C:\Program Files\Java\jdk1.8.0_91\jre\lib\ext\dnsns.jar;C:\Program Files\Java\jdk1.8.0_91\jre\lib\ext\jaccess.jar;C:\Program Files\Java\jdk1.8.0_91\jre\lib\ext\jfxrt.jar;C:\Program Files\Java\jdk1.8.0_91\jre\lib\ext\localedata.jar;C:\Program Files\Java\jdk1.8.0_91\jre\lib\ext\nashorn.jar;C:\Program Files\Java\jdk1.8.0_91\jre\lib\ext\sunec.jar;C:\Program Files\Java\jdk1.8.0_91\jre\lib\ext\sunjce_provider.jar;C:\Program Files\Java\jdk1.8.0_91\jre\lib\ext\sunmscapi.jar;C:\Program Files\Java\jdk1.8.0_91\jre\lib\ext\sunpkcs11.jar;C:\Program Files\Java\jdk1.8.0_91\jre\lib\ext\zipfs.jar;C:\Program Files\Java\jdk1.8.0_91\jre\lib\javaws.jar;C:\Program Files\Java\jdk1.8.0_91\jre\lib\jce.jar;C:\Program Files\Java\jdk1.8.0_91\jre\lib\jfr.jar;C:\Program Files\Java\jdk1.8.0_91\jre\lib\jfxswt.jar;C:\Program Files\Java\jdk1.8.0_91\jre\lib\jsse.jar;C:\Program Files\Java\jdk1.8.0_91\jre\lib\management-agent.jar;C:\Program Files\Java\jdk1.8.0_91\jre\lib\plugin.jar;C:\Program Files\Java\jdk1.8.0_91\jre\lib\resources.jar;C:\Program Files\Java\jdk1.8.0_91\jre\lib\rt.jar;F:\eworkspace\zxs-springboot\target\classes;F:\work\resource\repo\org\springframework\boot\spring-boot-starter-web\1.5.10.RELEASE\spring-boot-starter-web-1.5.10.RELEASE.jar;F:\work\resource\repo\org\springframework\boot\spring-boot-starter\1.5.10.RELEASE\spring-boot-starter-1.5.10.RELEASE.jar;F:\work\resource\repo\org\springframework\boot\spring-boot\1.5.10.RELEASE\spring-boot-1.5.10.RELEASE.jar;F:\work\resource\repo\org\springframework\boot\spring-boot-autoconfigure\1.5.10.RELEASE\spring-boot-autoconfigure-1.5.10.RELEASE.jar;F:\work\resource\repo\org\springframework\boot\spring-boot-starter-logging\1.5.10.RELEASE\spring-boot-starter-logging-1.5.10.RELEASE.jar;F:\
Launcher Type: SUN_STANDARD

Environment Variables:
JAVA_HOME=C:\Program Files\Java\jdk1.8.0_91
PATH=C:\ProgramData\Oracle\Java\javapath;C:\Program Files (x86)\Intel\Intel(R) Management Engine Components\iCLS\;C:\Program Files\Intel\Intel(R) Management Engine Components\iCLS\;C:\WINDOWS\system32;C:\WINDOWS;C:\WINDOWS\System32\Wbem;C:\WINDOWS\System32\WindowsPowerShell\v1.0\;C:\Program Files (x86)\Intel\Intel(R) Management Engine Components\DAL;C:\Program Files\Intel\Intel(R) Management Engine Components\DAL;G:\softinstall\Git\cmd;G:\softinstall\bin;C:\WINDOWS\System32\OpenSSH\;F:\work\software\apache-maven-3.6.0\bin;C:\Program Files\Java\jdk1.8.0_91\bin;F:\work\software\rocketmq-all-4.7.0-bin-release\bin;C:\Users\dell\AppData\Local\Microsoft\WindowsApps;;C:\Users\dell\AppData\Local\Programs\Fiddler
USERNAME=dell
OS=Windows_NT
PROCESSOR_IDENTIFIER=Intel64 Family 6 Model 158 Stepping 10, GenuineIntel



---------------  S Y S T E M  ---------------

OS: Windows 10.0 , 64 bit Build 18362 (10.0.18362.778)

CPU:total 12 (6 cores per cpu, 2 threads per core) family 6 model 158 stepping 10, cmov, cx8, fxsr, mmx, sse, sse2, sse3, ssse3, sse4.1, sse4.2, popcnt, avx, avx2, aes, clmul, erms, rtm, 3dnowpref, lzcnt, ht, tsc, tscinvbit, bmi1, bmi2, adx

Memory: 4k page, physical 16568620k(3579408k free), swap 34663764k(4196k free)

vm_info: Java HotSpot(TM) 64-Bit Server VM (25.91-b15) for windows-amd64 JRE (1.8.0_91-b15), built on May 20 2016 17:43:15 by "java_re" with MS VC++ 10.0 (VS2010)

time: Wed May 20 17:24:51 2020
elapsed time: 0 seconds (0d 0h 0m 0s)

